{
  "stats": {
    "suites": 1,
    "tests": 13,
    "passes": 13,
    "pending": 0,
    "failures": 0,
    "start": "2023-09-10T16:48:08.932Z",
    "end": "2023-09-10T16:49:07.557Z",
    "duration": 58625,
    "testsRegistered": 13,
    "passPercent": 100,
    "pendingPercent": 0,
    "other": 0,
    "hasOther": false,
    "skipped": 0,
    "hasSkipped": false
  },
  "results": [
    {
      "uuid": "a0e49ebe-9cf7-443b-a701-1cb660c24101",
      "title": "",
      "fullFile": "cypress\\e2e\\channel-monitering.cy.js",
      "file": "cypress\\e2e\\channel-monitering.cy.js",
      "beforeHooks": [],
      "afterHooks": [],
      "tests": [],
      "suites": [
        {
          "uuid": "859ceb54-9465-41fd-aeb8-5139235c6d62",
          "title": "testing channel monitering page",
          "fullFile": "",
          "file": "",
          "beforeHooks": [],
          "afterHooks": [],
          "tests": [
            {
              "title": "should filter according to the chosen agent",
              "fullTitle": "testing channel monitering page should filter according to the chosen agent",
              "timedOut": null,
              "duration": 32377,
              "state": "passed",
              "speed": "slow",
              "pass": true,
              "fail": false,
              "pending": false,
              "context": "{\n  \"title\": \"cypress-mochawesome-reporter-videos-passed\",\n  \"value\": \"cypress\\\\e2e\\\\channel-monitering.cy.js\"\n}",
              "code": "_moniter.default.drobDownFilterOnly(_selectors.moniteringSelector.agentDrobDown, _selectors.moniteringSelector.agentList, \"bot\", AssertionFn, [\"5\", \"bot\"]);\n_moniter.default.drobDownFilterOnly(_selectors.moniteringSelector.agentDrobDown, _selectors.moniteringSelector.agentList, \"Unassigned\");",
              "err": {},
              "uuid": "96d38fc5-b4f8-4173-8bfb-2d04789f22ca",
              "parentUUID": "859ceb54-9465-41fd-aeb8-5139235c6d62",
              "isHook": false,
              "skipped": false
            },
            {
              "title": "should filter by multible agents",
              "fullTitle": "testing channel monitering page should filter by multible agents",
              "timedOut": null,
              "duration": 1469,
              "state": "passed",
              "speed": "fast",
              "pass": true,
              "fail": false,
              "pending": false,
              "context": "{\n  \"title\": \"cypress-mochawesome-reporter-videos-passed\",\n  \"value\": \"cypress\\\\e2e\\\\channel-monitering.cy.js\"\n}",
              "code": "_moniter.default.drobDownFilterOnly(_selectors.moniteringSelector.agentDrobDown, _selectors.moniteringSelector.agentList, [\"bot\", \"Unassigned\"], AssertionFn, [\"5\", \"bot\"]);",
              "err": {},
              "uuid": "9afa0811-9b89-448e-9ffb-a76b89d138fc",
              "parentUUID": "859ceb54-9465-41fd-aeb8-5139235c6d62",
              "isHook": false,
              "skipped": false
            },
            {
              "title": "should filter by chosen channel",
              "fullTitle": "testing channel monitering page should filter by chosen channel",
              "timedOut": null,
              "duration": 2031,
              "state": "passed",
              "speed": "fast",
              "pass": true,
              "fail": false,
              "pending": false,
              "context": "{\n  \"title\": \"cypress-mochawesome-reporter-videos-passed\",\n  \"value\": \"cypress\\\\e2e\\\\channel-monitering.cy.js\"\n}",
              "code": "function assertFn() {\n  cy.get('[aria-colindex=\"7\"] img').should(\"have.attr\", \"src\", \"/img/eng-img/icons/webchat-icon.png\");\n}\n_moniter.default.drobDownFilterOnly(_selectors.moniteringSelector.channelDrobDown, _selectors.moniteringSelector.channelList, \"Whatsapp\");\n_moniter.default.drobDownFilterOnly(_selectors.moniteringSelector.channelDrobDown, _selectors.moniteringSelector.channelList, \"Web\", assertFn);",
              "err": {},
              "uuid": "62b5600e-0918-4de8-9aa9-79cb589658ce",
              "parentUUID": "859ceb54-9465-41fd-aeb8-5139235c6d62",
              "isHook": false,
              "skipped": false
            },
            {
              "title": "should filter by multible channels",
              "fullTitle": "testing channel monitering page should filter by multible channels",
              "timedOut": null,
              "duration": 1447,
              "state": "passed",
              "speed": "fast",
              "pass": true,
              "fail": false,
              "pending": false,
              "context": "{\n  \"title\": \"cypress-mochawesome-reporter-videos-passed\",\n  \"value\": \"cypress\\\\e2e\\\\channel-monitering.cy.js\"\n}",
              "code": "function assertFn() {\n  cy.get('[aria-colindex=\"7\"] img').should(\"have.attr\", \"src\", \"/img/eng-img/icons/webchat-icon.png\");\n}\n_moniter.default.drobDownFilterOnly(_selectors.moniteringSelector.channelDrobDown, _selectors.moniteringSelector.channelList, [\"Web\", \"Whatsapp\"], assertFn);",
              "err": {},
              "uuid": "e5d2a684-5e5d-41b7-96e0-251c6c046454",
              "parentUUID": "859ceb54-9465-41fd-aeb8-5139235c6d62",
              "isHook": false,
              "skipped": false
            },
            {
              "title": "should filter according to the chosen tag",
              "fullTitle": "testing channel monitering page should filter according to the chosen tag",
              "timedOut": null,
              "duration": 3196,
              "state": "passed",
              "speed": "fast",
              "pass": true,
              "fail": false,
              "pending": false,
              "context": "{\n  \"title\": \"cypress-mochawesome-reporter-videos-passed\",\n  \"value\": \"cypress\\\\e2e\\\\channel-monitering.cy.js\"\n}",
              "code": "_moniter.default.drobDownFilterOnly(_selectors.moniteringSelector.tagsDrobDown, _selectors.moniteringSelector.tagsList, \"Active\");\n_moniter.default.drobDownFilterOnly(_selectors.moniteringSelector.tagsDrobDown, _selectors.moniteringSelector.tagsList, \"Top fan\");\n_moniter.default.drobDownFilterOnly(_selectors.moniteringSelector.tagsDrobDown, _selectors.moniteringSelector.tagsList, \"Premium\");",
              "err": {},
              "uuid": "3a3c3283-2327-4c48-b672-d124f0ca23e7",
              "parentUUID": "859ceb54-9465-41fd-aeb8-5139235c6d62",
              "isHook": false,
              "skipped": false
            },
            {
              "title": "should filter by multible tags selection",
              "fullTitle": "testing channel monitering page should filter by multible tags selection",
              "timedOut": null,
              "duration": 1379,
              "state": "passed",
              "speed": "fast",
              "pass": true,
              "fail": false,
              "pending": false,
              "context": "{\n  \"title\": \"cypress-mochawesome-reporter-videos-passed\",\n  \"value\": \"cypress\\\\e2e\\\\channel-monitering.cy.js\"\n}",
              "code": "_moniter.default.drobDownFilterOnly(_selectors.moniteringSelector.tagsDrobDown, _selectors.moniteringSelector.tagsList, [\"Active\", \"Top fan\", \"Premium\"]);",
              "err": {},
              "uuid": "5c189055-4812-4401-a2d4-0e0397c2ac22",
              "parentUUID": "859ceb54-9465-41fd-aeb8-5139235c6d62",
              "isHook": false,
              "skipped": false
            },
            {
              "title": "should filter according to the chosen queue",
              "fullTitle": "testing channel monitering page should filter according to the chosen queue",
              "timedOut": null,
              "duration": 2800,
              "state": "passed",
              "speed": "fast",
              "pass": true,
              "fail": false,
              "pending": false,
              "context": "{\n  \"title\": \"cypress-mochawesome-reporter-videos-passed\",\n  \"value\": \"cypress\\\\e2e\\\\channel-monitering.cy.js\"\n}",
              "code": "_moniter.default.drobDownFilterOnly(_selectors.moniteringSelector.queueDrobDown, _selectors.moniteringSelector.queueList, \"queue test\");\n_moniter.default.drobDownFilterOnly(_selectors.moniteringSelector.queueDrobDown, _selectors.moniteringSelector.queueList, \"email queue\");\n_moniter.default.drobDownFilterOnly(_selectors.moniteringSelector.queueDrobDown, _selectors.moniteringSelector.queueList, \"default\", AssertionFn, [\"10\", \"default\"]);",
              "err": {},
              "uuid": "3400a2b7-9766-4dc5-81f2-c2ee71cb1c98",
              "parentUUID": "859ceb54-9465-41fd-aeb8-5139235c6d62",
              "isHook": false,
              "skipped": false
            },
            {
              "title": "should filter by multible queue selection",
              "fullTitle": "testing channel monitering page should filter by multible queue selection",
              "timedOut": null,
              "duration": 1407,
              "state": "passed",
              "speed": "fast",
              "pass": true,
              "fail": false,
              "pending": false,
              "context": "{\n  \"title\": \"cypress-mochawesome-reporter-videos-passed\",\n  \"value\": \"cypress\\\\e2e\\\\channel-monitering.cy.js\"\n}",
              "code": "_moniter.default.drobDownFilterOnly(_selectors.moniteringSelector.queueDrobDown, _selectors.moniteringSelector.queueList, [\"default\", \"queue test\", \"email queue\"], AssertionFn, [\"10\", \"default\"]);",
              "err": {},
              "uuid": "f7fcd13c-5be5-4d8d-a61b-180a10868d8a",
              "parentUUID": "859ceb54-9465-41fd-aeb8-5139235c6d62",
              "isHook": false,
              "skipped": false
            },
            {
              "title": "should filter according to the chosen handover",
              "fullTitle": "testing channel monitering page should filter according to the chosen handover",
              "timedOut": null,
              "duration": 3997,
              "state": "passed",
              "speed": "fast",
              "pass": true,
              "fail": false,
              "pending": false,
              "context": "{\n  \"title\": \"cypress-mochawesome-reporter-videos-passed\",\n  \"value\": \"cypress\\\\e2e\\\\channel-monitering.cy.js\"\n}",
              "code": "_moniter.default.drobDownFilterOnly(_selectors.moniteringSelector.HandoverDrobDown, _selectors.moniteringSelector.handOverList, \"agent_active\");\n_moniter.default.drobDownFilterOnly(_selectors.moniteringSelector.HandoverDrobDown, _selectors.moniteringSelector.handOverList, \"pending\");\n_moniter.default.drobDownFilterOnly(_selectors.moniteringSelector.HandoverDrobDown, _selectors.moniteringSelector.handOverList, \"redirect\");\n_moniter.default.drobDownFilterOnly(_selectors.moniteringSelector.HandoverDrobDown, _selectors.moniteringSelector.handOverList, \"bot_active\", AssertionFn, [\"8\", \"Bot Active\"]);",
              "err": {},
              "uuid": "c36261bc-ffd0-4ee2-8317-214ba72f46f5",
              "parentUUID": "859ceb54-9465-41fd-aeb8-5139235c6d62",
              "isHook": false,
              "skipped": false
            },
            {
              "title": "should filter by multible handover selection",
              "fullTitle": "testing channel monitering page should filter by multible handover selection",
              "timedOut": null,
              "duration": 1682,
              "state": "passed",
              "speed": "fast",
              "pass": true,
              "fail": false,
              "pending": false,
              "context": "{\n  \"title\": \"cypress-mochawesome-reporter-videos-passed\",\n  \"value\": \"cypress\\\\e2e\\\\channel-monitering.cy.js\"\n}",
              "code": "_moniter.default.drobDownFilterOnly(_selectors.moniteringSelector.HandoverDrobDown, _selectors.moniteringSelector.handOverList, [\"agent_active\", \"pending\", \"redirect\", \"bot_active\"], AssertionFn, [\"8\", \"Bot Active\"]);",
              "err": {},
              "uuid": "14f2eb02-3f9f-40ac-a24a-d1c426949eb7",
              "parentUUID": "859ceb54-9465-41fd-aeb8-5139235c6d62",
              "isHook": false,
              "skipped": false
            },
            {
              "title": "should filter by an existing nick name",
              "fullTitle": "testing channel monitering page should filter by an existing nick name",
              "timedOut": null,
              "duration": 1276,
              "state": "passed",
              "speed": "fast",
              "pass": true,
              "fail": false,
              "pending": false,
              "context": "{\n  \"title\": \"cypress-mochawesome-reporter-videos-passed\",\n  \"value\": \"cypress\\\\e2e\\\\channel-monitering.cy.js\"\n}",
              "code": "_moniter.default.inputFilterOnly(_selectors.moniteringSelector.nickName, \"new user\", AssertionFn, [\"2\", \"New User\"]);",
              "err": {},
              "uuid": "5f9643bc-de1a-4523-bb2d-a626d43b2a03",
              "parentUUID": "859ceb54-9465-41fd-aeb8-5139235c6d62",
              "isHook": false,
              "skipped": false
            },
            {
              "title": "should filter by an non existing nick name",
              "fullTitle": "testing channel monitering page should filter by an non existing nick name",
              "timedOut": null,
              "duration": 1078,
              "state": "passed",
              "speed": "fast",
              "pass": true,
              "fail": false,
              "pending": false,
              "context": "{\n  \"title\": \"cypress-mochawesome-reporter-videos-passed\",\n  \"value\": \"cypress\\\\e2e\\\\channel-monitering.cy.js\"\n}",
              "code": "_moniter.default.inputFilterOnly(_selectors.moniteringSelector.nickName, \"wrong user\");",
              "err": {},
              "uuid": "a7ea568c-9186-4abf-a2bf-3593bc520836",
              "parentUUID": "859ceb54-9465-41fd-aeb8-5139235c6d62",
              "isHook": false,
              "skipped": false
            },
            {
              "title": "should filter with multible filters",
              "fullTitle": "testing channel monitering page should filter with multible filters",
              "timedOut": null,
              "duration": 1535,
              "state": "passed",
              "speed": "fast",
              "pass": true,
              "fail": false,
              "pending": false,
              "context": "{\n  \"title\": \"cypress-mochawesome-reporter-videos-passed\",\n  \"value\": \"cypress\\\\e2e\\\\channel-monitering.cy.js\"\n}",
              "code": "function assertFn() {\n  cy.get('[aria-colindex=\"7\"] img').should(\"have.attr\", \"src\", \"/img/eng-img/icons/webchat-icon.png\");\n}\n_moniter.default.clickReset();\n_moniter.default.inputFilter(_selectors.moniteringSelector.nickName, \"new user\", AssertionFn, [\"2\", \"New User\"]);\n_moniter.default.drobDownFilter(_selectors.moniteringSelector.HandoverDrobDown, _selectors.moniteringSelector.handOverList, \"bot_active\", AssertionFn, [\"8\", \"Bot Active\"]);\n_moniter.default.drobDownFilter(_selectors.moniteringSelector.channelDrobDown, _selectors.moniteringSelector.channelList, \"Web\", assertFn);",
              "err": {},
              "uuid": "1509aaf8-66e0-4e99-beac-04693e6a6553",
              "parentUUID": "859ceb54-9465-41fd-aeb8-5139235c6d62",
              "isHook": false,
              "skipped": false
            }
          ],
          "suites": [],
          "passes": [
            "96d38fc5-b4f8-4173-8bfb-2d04789f22ca",
            "9afa0811-9b89-448e-9ffb-a76b89d138fc",
            "62b5600e-0918-4de8-9aa9-79cb589658ce",
            "e5d2a684-5e5d-41b7-96e0-251c6c046454",
            "3a3c3283-2327-4c48-b672-d124f0ca23e7",
            "5c189055-4812-4401-a2d4-0e0397c2ac22",
            "3400a2b7-9766-4dc5-81f2-c2ee71cb1c98",
            "f7fcd13c-5be5-4d8d-a61b-180a10868d8a",
            "c36261bc-ffd0-4ee2-8317-214ba72f46f5",
            "14f2eb02-3f9f-40ac-a24a-d1c426949eb7",
            "5f9643bc-de1a-4523-bb2d-a626d43b2a03",
            "a7ea568c-9186-4abf-a2bf-3593bc520836",
            "1509aaf8-66e0-4e99-beac-04693e6a6553"
          ],
          "failures": [],
          "pending": [],
          "skipped": [],
          "duration": 55674,
          "root": false,
          "rootEmpty": false,
          "_timeout": 2000
        }
      ],
      "passes": [],
      "failures": [],
      "pending": [],
      "skipped": [],
      "duration": 0,
      "root": true,
      "rootEmpty": true,
      "_timeout": 2000
    }
  ],
  "meta": {
    "mocha": {
      "version": "7.0.1"
    },
    "mochawesome": {
      "options": {
        "quiet": false,
        "reportFilename": "mochawesome",
        "saveHtml": false,
        "saveJson": true,
        "consoleReporter": "spec",
        "useInlineDiffs": false,
        "code": true
      },
      "version": "7.1.3"
    },
    "marge": {
      "options": {
        "overwrite": false,
        "html": false,
        "json": true,
        "reportDir": "cypress\\reports\\html\\.jsons"
      },
      "version": "6.2.0"
    }
  }
}