{
  "stats": {
    "suites": 1,
    "tests": 3,
    "passes": 3,
    "pending": 0,
    "failures": 0,
    "start": "2023-09-10T16:49:18.094Z",
    "end": "2023-09-10T16:49:48.685Z",
    "duration": 30591,
    "testsRegistered": 3,
    "passPercent": 100,
    "pendingPercent": 0,
    "other": 0,
    "hasOther": false,
    "skipped": 0,
    "hasSkipped": false
  },
  "results": [
    {
      "uuid": "af2e6360-eb22-430f-9c16-7470822c48b6",
      "title": "",
      "fullFile": "cypress\\e2e\\chatbot.cy.js",
      "file": "cypress\\e2e\\chatbot.cy.js",
      "beforeHooks": [],
      "afterHooks": [],
      "tests": [],
      "suites": [
        {
          "uuid": "5ee52f52-81e7-4b5f-823d-fd020da4895e",
          "title": "testing chatbot",
          "fullFile": "",
          "file": "",
          "beforeHooks": [],
          "afterHooks": [],
          "tests": [
            {
              "title": "Should be able to sign in",
              "fullTitle": "testing chatbot Should be able to sign in",
              "timedOut": null,
              "duration": 13265,
              "state": "passed",
              "speed": "slow",
              "pass": true,
              "fail": false,
              "pending": false,
              "context": "[\n  {\n    \"title\": \"cypress-mochawesome-reporter-videos-passed\",\n    \"value\": \"cypress\\\\e2e\\\\chatbot.cy.js\"\n  },\n  {\n    \"title\": \"cypress-mochawesome-reporter-videos-passed\",\n    \"value\": \"cypress\\\\e2e\\\\chatbot.cy.js\"\n  }\n]",
              "code": "chatbot.login(JSON.stringify(table[0]['Email']), JSON.stringify(table[0]['Password']));\ncy.wait(5000);",
              "err": {},
              "uuid": "356093e9-1292-41e0-b567-571c7d430004",
              "parentUUID": "5ee52f52-81e7-4b5f-823d-fd020da4895e",
              "isHook": false,
              "skipped": false
            },
            {
              "title": "Check adding empty queue",
              "fullTitle": "testing chatbot Check adding empty queue",
              "timedOut": null,
              "duration": 11108,
              "state": "passed",
              "speed": "slow",
              "pass": true,
              "fail": false,
              "pending": false,
              "context": "[\n  {\n    \"title\": \"cypress-mochawesome-reporter-videos-passed\",\n    \"value\": \"cypress\\\\e2e\\\\chatbot.cy.js\"\n  },\n  {\n    \"title\": \"cypress-mochawesome-reporter-videos-passed\",\n    \"value\": \"cypress\\\\e2e\\\\chatbot.cy.js\"\n  }\n]",
              "code": "chatbot.emptyQueue();",
              "err": {},
              "uuid": "8290596e-b580-49c2-9d7f-b132e95d4364",
              "parentUUID": "5ee52f52-81e7-4b5f-823d-fd020da4895e",
              "isHook": false,
              "skipped": false
            },
            {
              "title": "Create a new queue",
              "fullTitle": "testing chatbot Create a new queue",
              "timedOut": null,
              "duration": 3420,
              "state": "passed",
              "speed": "fast",
              "pass": true,
              "fail": false,
              "pending": false,
              "context": "[\n  {\n    \"title\": \"cypress-mochawesome-reporter-videos-passed\",\n    \"value\": \"cypress\\\\e2e\\\\chatbot.cy.js\"\n  },\n  {\n    \"title\": \"cypress-mochawesome-reporter-videos-passed\",\n    \"value\": \"cypress\\\\e2e\\\\chatbot.cy.js\"\n  }\n]",
              "code": "chatbot.createQueue();",
              "err": {},
              "uuid": "089b985d-31a0-460a-826a-ea43f3989131",
              "parentUUID": "5ee52f52-81e7-4b5f-823d-fd020da4895e",
              "isHook": false,
              "skipped": false
            }
          ],
          "suites": [],
          "passes": [
            "356093e9-1292-41e0-b567-571c7d430004",
            "8290596e-b580-49c2-9d7f-b132e95d4364",
            "089b985d-31a0-460a-826a-ea43f3989131"
          ],
          "failures": [],
          "pending": [],
          "skipped": [],
          "duration": 27793,
          "root": false,
          "rootEmpty": false,
          "_timeout": 2000
        }
      ],
      "passes": [],
      "failures": [],
      "pending": [],
      "skipped": [],
      "duration": 0,
      "root": true,
      "rootEmpty": true,
      "_timeout": 2000
    }
  ],
  "meta": {
    "mocha": {
      "version": "7.0.1"
    },
    "mochawesome": {
      "options": {
        "quiet": false,
        "reportFilename": "mochawesome",
        "saveHtml": false,
        "saveJson": true,
        "consoleReporter": "spec",
        "useInlineDiffs": false,
        "code": true
      },
      "version": "7.1.3"
    },
    "marge": {
      "options": {
        "overwrite": false,
        "html": false,
        "json": true,
        "reportDir": "cypress\\reports\\html\\.jsons"
      },
      "version": "6.2.0"
    }
  }
}